#@ # 
#@ # Running icc_shell Version G-2012.06-ICC-SP5 for linux -- Jan 17, 2013
#@ # Date:   Thu Nov 26 20:23:00 2015
#@ # Run by: stu23@sun
#@ 

gui_start
#@ # -- Starting source /tools/synopsys/icc_vG-2012.06-SP5/auxx/tcllib/lib/iwidgets4.0.2/lib/iwidgets/iwidgets.tcl

#@ #
#@ # iwidgets.tcl
#@ # ----------------------------------------------------------------------
#@ # Invoked automatically by [incr Tk] upon startup to initialize
#@ # the [incr Widgets] package.
#@ # ----------------------------------------------------------------------
#@ #  AUTHOR: Mark L. Ulferts               EMAIL: mulferts@spd.dsccc.com
#@ #
#@ #  @(#) $Id: iwidgets.tcl.in,v 1.3 2001/08/07 19:56:47 smithc Exp $
#@ # ----------------------------------------------------------------------
#@ #                Copyright (c) 1995  Mark L. Ulferts
#@ # ======================================================================
#@ # See the file "license.terms" for information on usage and
#@ # redistribution of this file, and for a DISCLAIMER OF ALL WARRANTIES.
#@ 
#@ package require Tcl 8.0
#@ package require Tk 8.0
#@ package require Itcl 3.2
#@ package require Itk 3.2
#@ 
#@ namespace eval ::iwidgets {
#@     namespace export *
#@ 
#@     variable library [file dirname [info script]]
#@     variable version 4.0.2
#@ }
#@ 
#@ lappend auto_path $iwidgets::library 		  [file join $iwidgets::library generic] 		  [file join $iwidgets::library scripts]
#@ package provide Iwidgets $iwidgets::version
#@ # -- End source /tools/synopsys/icc_vG-2012.06-SP5/auxx/tcllib/lib/iwidgets4.0.2/lib/iwidgets/iwidgets.tcl

