**************************************************************
* Voltage Drop Report file

* Units:
*   Length Unit         : um
*   Length Scale        : 0.001
*   Voltage Unit        : mV
*
* Cell Name : iic_top
* Net Name   : VDD
* Number of Resistors: 405
* Threshold V: (min, max)=(0.008052 115.933143)
* Format: [left bottom right top] on Layer is voltage
*
[1034607 231740 1035607 233340] on METAL6 is 186.271e-3
[1034607 231740 1035607 235780] on METAL4 is 470.334e-3
[1034607 235780 1035607 239820] on METAL4 is 940.653e-3
[1035107 231740 1035605 239820] on METAL4 is 470.334e-3
[1035605 231740 1065615 239820] on METAL4 is 470.334e-3
[1065615 231740 1066115 239820] on METAL4 is 470.334e-3
[1065615 231740 1066615 235780] on METAL4 is 470.334e-3
[1065615 235780 1066615 239820] on METAL4 is 470.334e-3
[1034607 233340 1035607 239820] on METAL6 is 940.668e-3
[1034607 239820 1035607 351250] on METAL6 is 18.237
[1034607 351250 1035607 356250] on METAL6 is 18.237
[1034607 346250 1035607 356250] on VIA5 is 18.262
[1034607 346250 1035607 356250] on VIA4 is 18.314
[1034607 346250 1035607 356250] on VIA3 is 18.317
[1035107 346250 1119920 356250] on METAL3 is 28.724
[1007345 346250 1035107 356250] on METAL3 is 18.317
[926521 346250 1007345 356250] on METAL3 is 16.203
[1005990 346250 1008700 356250] on VIA3 is 16.205
[1005990 346250 1008700 351250] on METAL4 is 16.205
[1005990 351250 1008700 460505] on METAL4 is 58.394
[1005990 460505 1008700 552035] on METAL4 is 73.596
[1005990 459150 1008700 461860] on VIA4 is 58.394
[1007345 459150 1119920 461860] on METAL5 is 58.359
[916195 459150 1007345 461860] on METAL5 is 63.473
[825035 459150 916195 461860] on METAL5 is 78.825
[914840 459150 917550 461860] on VIA4 is 63.473
[914840 351250 917550 460505] on METAL4 is 63.428
[914840 460505 917550 552035] on METAL4 is 84.354
[914840 552035 917550 642755] on METAL4 is 94.198
[914840 550680 917550 553390] on VIA4 is 84.36
[916195 550680 1007345 553390] on METAL5 is 84.36
[825035 550680 916195 553390] on METAL5 is 96.673
[733885 550680 825035 553390] on METAL5 is 106.227
[823680 550680 826390 553390] on VIA4 is 96.685
[823680 460505 826390 552035] on METAL4 is 96.685
[823680 552035 826390 642755] on METAL4 is 105.285
[823680 642755 826390 733475] on METAL4 is 105.866
[823680 641400 826390 644110] on VIA4 is 105.285
[825035 641400 916195 644110] on METAL5 is 105.271
[733885 641400 825035 644110] on METAL5 is 113.141
[642725 641400 733885 644110] on METAL5 is 115.913
[732530 641400 735240 644110] on VIA4 is 113.164
[732530 552035 735240 642755] on METAL4 is 113.164
[732530 642755 735240 733475] on METAL4 is 113.164
[732530 733475 735240 825005] on METAL4 is 112.972
[732530 732120 735240 734830] on VIA4 is 112.972
[733885 732120 825035 734830] on METAL5 is 112.944
[642725 732120 733885 734830] on METAL5 is 113.804
[551575 732120 642725 734830] on METAL5 is 113.804
[641370 732120 644080 734830] on VIA4 is 113.828
[641370 642755 644080 733475] on METAL4 is 115.933
[641370 733475 644080 825005] on METAL4 is 113.828
[641370 825005 644080 915725] on METAL4 is 106.272
[641370 823650 644080 826360] on VIA4 is 106.272
[642725 823650 733885 826360] on METAL5 is 106.404
[551575 823650 642725 826360] on METAL5 is 106.24
[460415 823650 551575 826360] on METAL5 is 98.757
[550220 823650 552930 826360] on VIA4 is 98.781
[550220 733475 552930 825005] on METAL4 is 109.315
[550220 825005 552930 915725] on METAL4 is 98.781
[550220 915725 552930 1007255] on METAL4 is 87.591
[550220 914370 552930 917080] on VIA4 is 87.591
[551575 914370 642725 917080] on METAL5 is 94.87
[460415 914370 551575 917080] on METAL5 is 87.55
[351250 914370 460415 917080] on METAL5 is 70.94
[459060 914370 461770 917080] on VIA4 is 71.039
[459060 825005 461770 915725] on METAL4 is 86.111
[459060 915725 461770 1007255] on METAL4 is 71.039
[459060 1007255 461770 1119870] on METAL4 is 60.314
[459060 1005900 461770 1008610] on VIA4 is 60.314
[460415 1005900 551575 1008610] on METAL5 is 74.596
[351250 1005900 460415 1008610] on METAL5 is 60.207
[346250 1005900 351250 1008610] on METAL5 is 14.139
[346250 1005900 356250 1008610] on VIA4 is 14.139
[346250 1005900 356250 1008610] on VIA3 is 14.096
[346250 1005900 356250 1008610] on VIA2 is 14.094
[346250 1006065 356250 1007255] on METAL2 is 14.092
[346250 1007255 356250 1119870] on METAL2 is 28.28
[346250 1119870 356250 1124870] on METAL2 is 28.28
[346250 1114870 356250 1124870] on VIA2 is 28.281
[351250 1114870 460415 1124870] on METAL3 is 42.034
[346250 1114870 351250 1124870] on METAL3 is 28.281
[460415 1114870 551575 1124870] on METAL3 is 49.51
[459060 1114870 461770 1124870] on VIA3 is 42.035
[459060 1119870 461770 1124870] on METAL4 is 42.035
[551575 1114870 642725 1124870] on METAL3 is 51.474
[550220 1114870 552930 1124870] on VIA3 is 49.511
[550220 1007255 552930 1119870] on METAL4 is 74.633
[550220 1119870 552930 1124870] on METAL4 is 49.511
[550220 1005900 552930 1008610] on VIA4 is 74.633
[551575 1005900 642725 1008610] on METAL5 is 80.722
[642725 1005900 733885 1008610] on METAL5 is 80.722
[641370 1005900 644080 1008610] on VIA4 is 80.756
[641370 915725 644080 1007255] on METAL4 is 94.903
[641370 1007255 644080 1119870] on METAL4 is 80.756
[641370 1119870 644080 1124870] on METAL4 is 51.475
[641370 1114870 644080 1124870] on VIA3 is 51.475
[642725 1114870 733885 1124870] on METAL3 is 51.474
[733885 1114870 825035 1124870] on METAL3 is 47.014
[732530 1114870 735240 1124870] on VIA3 is 47.016
[732530 1007255 735240 1119870] on METAL4 is 79.12
[732530 1119870 735240 1124870] on METAL4 is 47.016
[732530 915725 735240 1007255] on METAL4 is 94.852
[732530 1005900 735240 1008610] on VIA4 is 79.12
[733885 1005900 825035 1008610] on METAL5 is 79.093
[825035 1005900 916195 1008610] on METAL5 is 71.438
[823680 1005900 826390 1008610] on VIA4 is 71.464
[823680 915725 826390 1007255] on METAL4 is 88.701
[823680 1007255 826390 1119870] on METAL4 is 71.464
[823680 1119870 826390 1124870] on METAL4 is 35.515
[823680 1114870 826390 1124870] on VIA3 is 35.515
[825035 1114870 916195 1124870] on METAL3 is 35.514
[916195 1114870 964685 1124870] on METAL3 is 16.125
[914840 1114870 917550 1124870] on VIA3 is 16.127
[914840 1007255 917550 1119870] on METAL4 is 57.889
[914840 1119870 917550 1124870] on METAL4 is 16.127
[914840 915725 917550 1007255] on METAL4 is 76.148
[914840 1005900 917550 1008610] on VIA4 is 57.889
[916195 1005900 1007345 1008610] on METAL5 is 57.878
[1007345 1005900 1119920 1008610] on METAL5 is 41.796
[1005990 1005900 1008700 1008610] on VIA4 is 41.856
[1005990 915725 1008700 1007255] on METAL4 is 58.589
[1005990 1007255 1008700 1119870] on METAL4 is 41.856
[1005990 1119870 1008700 1124870] on METAL4 is 4.422
[1005990 1114870 1008700 1124870] on VIA3 is 4.422
[1007345 1114870 1119920 1124870] on METAL3 is 4.66
[1006109 1114870 1007345 1124870] on METAL3 is 4.42
[964685 1114870 1006109 1124870] on METAL3 is 4.306
[1005609 1114870 1006609 1124870] on VIA3 is 4.306
[1005609 1114870 1006609 1124870] on VIA4 is 4.305
[1005609 1114870 1006609 1124870] on VIA5 is 4.293
[1005609 1114870 1006609 1119870] on METAL6 is 4.287
[1005609 1119870 1006609 1231310] on METAL6 is 4.287
[1005609 1231310 1006609 1237790] on METAL6 is 221.115e-3
[1005609 1231310 1006609 1239390] on METAL4 is 221.111e-3
[1005609 1237790 1006609 1239390] on METAL6 is 43.785e-3
[1005609 1237790 1006609 1243790] on METAL2 is 43.785e-3
[959835 1114870 969535 1124870] on VIA3 is 939.297e-3
[959835 1114870 969535 1124870] on VIA4 is 937.219e-3
[959835 1114870 969535 1124870] on VIA5 is 900.391e-3
[959835 1114870 969535 1119870] on METAL6 is 883.115e-3
[959835 1119870 969535 1125975] on METAL6 is 883.115e-3
[959835 1125975 969535 1126385] on METAL6 is 55.576e-3
[959835 1125565 969535 1126385] on VIA5 is 55.576e-3
[959835 1125565 969535 1126385] on VIA4 is 55.576e-3
[959835 1125565 969535 1126385] on VIA3 is 55.576e-3
[964685 1125565 969535 1126385] on METAL3 is 55.576e-3
[959835 1125565 964685 1126385] on METAL3 is 55.576e-3
[959835 1125565 969535 1126385] on VIA2 is 55.576e-3
[964685 1125565 969535 1126385] on METAL2 is 55.576e-3
[959835 1125565 964685 1126385] on METAL2 is 55.576e-3
[1119920 1114870 1124920 1124870] on METAL3 is 4.66
[1114920 1114870 1124920 1124870] on VIA2 is 4.66
[1114920 1059605 1124920 1119870] on METAL2 is 4.789
[1114920 1119870 1124920 1124870] on METAL2 is 4.66
[1114920 1007255 1124920 1059605] on METAL2 is 5.124
[1114920 1059105 1124920 1060105] on VIA2 is 4.789
[1114920 1059105 1124920 1060105] on VIA3 is 4.789
[1114920 1059105 1124920 1060105] on VIA4 is 4.789
[1119920 1059105 1231360 1060105] on METAL5 is 4.784
[1114920 1059105 1119920 1060105] on METAL5 is 4.784
[1231360 1059105 1237840 1060105] on METAL5 is 40.661e-3
[1231360 1059105 1239440 1060105] on METAL4 is 40.657e-3
[1231360 1060105 1239440 1065565] on METAL4 is 40.655e-3
[1237840 1059105 1239440 1060105] on METAL5 is 8.052e-3
[1237840 1059105 1243840 1060105] on METAL2 is 8.052e-3
[1237840 1060105 1243840 1065565] on METAL2 is 8.052e-3
[1237840 1065565 1243840 1066565] on METAL2 is 8.052e-3
[1231360 1065565 1239440 1066565] on METAL4 is 40.655e-3
[1114920 975571 1124920 1007255] on METAL2 is 5.124
[1114920 1005900 1124920 1008610] on VIA2 is 5.125
[1114920 1005900 1124920 1008610] on VIA3 is 5.127
[1114920 1005900 1124920 1008610] on VIA4 is 5.16
[1119920 1005900 1124920 1008610] on METAL5 is 5.16
[1114920 915725 1124920 975571] on METAL2 is 19.853
[1114920 970721 1124920 980421] on VIA2 is 2.532
[1114920 970721 1124920 980421] on VIA3 is 2.53
[1114920 970721 1124920 980421] on VIA4 is 2.528
[1119920 970721 1126025 980421] on METAL5 is 2.493
[1114920 970721 1119920 980421] on METAL5 is 2.493
[1126025 970721 1126435 980421] on METAL5 is 156.908e-3
[1125615 970721 1126435 980421] on VIA4 is 156.908e-3
[1125615 970721 1126435 980421] on VIA3 is 156.908e-3
[1125615 970721 1126435 975571] on METAL3 is 156.908e-3
[1125615 975571 1126435 980421] on METAL3 is 156.908e-3
[1125615 970721 1126435 980421] on VIA2 is 156.908e-3
[1125615 970721 1126435 975571] on METAL2 is 156.908e-3
[1125615 975571 1126435 980421] on METAL2 is 156.908e-3
[1114920 825005 1124920 915725] on METAL2 is 37.671
[1114920 914370 1124920 917080] on VIA2 is 19.854
[1114920 914370 1124920 917080] on VIA3 is 19.856
[1114920 914370 1124920 917080] on VIA4 is 19.891
[1119920 914370 1124920 917080] on METAL5 is 19.891
[1007345 914370 1119920 917080] on METAL5 is 58.529
[916195 914370 1007345 917080] on METAL5 is 76.126
[1005990 914370 1008700 917080] on VIA4 is 58.589
[1005990 825005 1008700 915725] on METAL4 is 70.603
[1005990 733475 1008700 825005] on METAL4 is 79.863
[1005990 823650 1008700 826360] on VIA4 is 70.603
[1007345 823650 1119920 826360] on METAL5 is 70.566
[916195 823650 1007345 826360] on METAL5 is 88.662
[825035 823650 916195 826360] on METAL5 is 100.784
[914840 823650 917550 826360] on VIA4 is 88.689
[914840 733475 917550 825005] on METAL4 is 94.818
[914840 825005 917550 915725] on METAL4 is 88.689
[914840 914370 917550 917080] on VIA4 is 76.148
[825035 914370 916195 917080] on METAL5 is 88.673
[733885 914370 825035 917080] on METAL5 is 94.824
[823680 914370 826390 917080] on VIA4 is 88.701
[823680 825005 826390 915725] on METAL4 is 100.813
[823680 733475 826390 825005] on METAL4 is 105.866
[823680 823650 826390 826360] on VIA4 is 100.813
[733885 823650 825035 826360] on METAL5 is 106.404
[732530 823650 735240 826360] on VIA4 is 106.43
[732530 825005 735240 915725] on METAL4 is 106.43
[732530 914370 735240 917080] on VIA4 is 94.852
[642725 914370 733885 917080] on METAL5 is 94.87
[641370 914370 644080 917080] on VIA4 is 94.903
[823680 732120 826390 734830] on VIA4 is 105.866
[825035 732120 916195 734830] on METAL5 is 105.849
[916195 732120 1007345 734830] on METAL5 is 94.801
[914840 732120 917550 734830] on VIA4 is 94.818
[914840 642755 917550 733475] on METAL4 is 94.818
[914840 641400 917550 644110] on VIA4 is 94.198
[916195 641400 1007345 644110] on METAL5 is 94.187
[1007345 641400 1119920 644110] on METAL5 is 80.584
[1005990 641400 1008700 644110] on VIA4 is 80.626
[1005990 552035 1008700 642755] on METAL4 is 80.626
[1005990 642755 1008700 733475] on METAL4 is 80.626
[1005990 732120 1008700 734830] on VIA4 is 79.863
[1007345 732120 1119920 734830] on METAL5 is 79.817
[1119920 732120 1124920 734830] on METAL5 is 48.438
[1114920 732120 1124920 734830] on VIA4 is 48.438
[1114920 732120 1124920 734830] on VIA3 is 48.409
[1114920 732120 1124920 734830] on VIA2 is 48.408
[1114920 642755 1124920 733475] on METAL2 is 52.195
[1114920 733475 1124920 825005] on METAL2 is 48.407
[1114920 823650 1124920 826360] on VIA2 is 37.672
[1114920 823650 1124920 826360] on VIA3 is 37.673
[1114920 823650 1124920 826360] on VIA4 is 37.703
[1119920 823650 1124920 826360] on METAL5 is 37.703
[1114920 552035 1124920 642755] on METAL2 is 52.195
[1114920 641400 1124920 644110] on VIA2 is 52.196
[1114920 641400 1124920 644110] on VIA3 is 52.197
[1114920 641400 1124920 644110] on VIA4 is 52.223
[1119920 641400 1124920 644110] on METAL5 is 52.223
[1114920 460505 1124920 552035] on METAL2 is 49.79
[1114920 550680 1124920 553390] on VIA2 is 49.791
[1114920 550680 1124920 553390] on VIA3 is 49.792
[1114920 550680 1124920 553390] on VIA4 is 49.813
[1119920 550680 1124920 553390] on METAL5 is 49.813
[1007345 550680 1119920 553390] on METAL5 is 73.559
[1005990 550680 1008700 553390] on VIA4 is 73.596
[1114920 351250 1124920 460505] on METAL2 is 42.131
[1114920 459150 1124920 461860] on VIA2 is 42.131
[1114920 459150 1124920 461860] on VIA3 is 42.132
[1114920 459150 1124920 461860] on VIA4 is 42.147
[1119920 459150 1124920 461860] on METAL5 is 42.147
[1114920 346250 1124920 351250] on METAL2 is 28.725
[1114920 346250 1124920 356250] on VIA2 is 28.725
[1119920 346250 1124920 356250] on METAL3 is 28.724
[346250 964645 356250 1006065] on METAL2 is 13.806
[346250 1005565 356250 1006565] on VIA2 is 13.806
[346250 1005565 356250 1006565] on VIA3 is 13.805
[346250 1005565 356250 1006565] on VIA4 is 13.804
[351250 1005565 356250 1006565] on METAL5 is 13.791
[239820 1005565 351250 1006565] on METAL5 is 13.791
[233340 1005565 239820 1006565] on METAL5 is 325.475e-3
[231740 1005565 239820 1006565] on METAL4 is 325.47e-3
[231740 1004565 239820 1005565] on METAL4 is 325.47e-3
[231740 1005565 233340 1006565] on METAL5 is 64.451e-3
[227340 1005565 233340 1006565] on METAL2 is 64.451e-3
[227340 1004565 233340 1005565] on METAL2 is 64.451e-3
[346250 915725 356250 964645] on METAL2 is 24.44
[346250 959795 356250 969495] on VIA2 is 4.351
[346250 959795 356250 969495] on VIA3 is 4.348
[346250 959795 356250 969495] on VIA4 is 4.344
[351250 959795 356250 969495] on METAL5 is 4.285
[345155 959795 351250 969495] on METAL5 is 4.285
[344745 959795 345155 969495] on METAL5 is 270.059e-3
[344745 959795 345565 969495] on VIA4 is 270.059e-3
[344745 959795 345565 969495] on VIA3 is 270.059e-3
[344745 959795 345565 964645] on METAL3 is 270.059e-3
[344745 964645 345565 969495] on METAL3 is 270.059e-3
[344745 959795 345565 969495] on VIA2 is 270.059e-3
[344745 959795 345565 964645] on METAL2 is 270.059e-3
[344745 964645 345565 969495] on METAL2 is 270.059e-3
[346250 825005 356250 915725] on METAL2 is 51.233
[346250 914370 356250 917080] on VIA2 is 24.442
[346250 914370 356250 917080] on VIA3 is 24.444
[346250 914370 356250 917080] on VIA4 is 24.487
[346250 914370 351250 917080] on METAL5 is 24.487
[346250 733475 356250 825005] on METAL2 is 70.364
[346250 823650 356250 826360] on VIA2 is 51.235
[346250 823650 356250 826360] on VIA3 is 51.236
[346250 823650 356250 826360] on VIA4 is 51.268
[351250 823650 460415 826360] on METAL5 is 86.039
[346250 823650 351250 826360] on METAL5 is 51.268
[459060 823650 461770 826360] on VIA4 is 86.111
[459060 733475 461770 825005] on METAL4 is 98.973
[459060 642755 461770 733475] on METAL4 is 106.874
[459060 732120 461770 734830] on VIA4 is 98.973
[460415 732120 551575 734830] on METAL5 is 109.289
[351250 732120 460415 734830] on METAL5 is 98.914
[346250 732120 351250 734830] on METAL5 is 70.393
[346250 732120 356250 734830] on VIA4 is 70.393
[346250 732120 356250 734830] on VIA3 is 70.367
[346250 732120 356250 734830] on VIA2 is 70.366
[346250 642755 356250 733475] on METAL2 is 82.903
[346250 552035 356250 642755] on METAL2 is 90.062
[346250 641400 356250 644110] on VIA2 is 82.904
[346250 641400 356250 644110] on VIA3 is 82.905
[346250 641400 356250 644110] on VIA4 is 82.928
[351250 641400 460415 644110] on METAL5 is 106.818
[346250 641400 351250 644110] on METAL5 is 82.928
[460415 641400 551575 644110] on METAL5 is 114.196
[459060 641400 461770 644110] on VIA4 is 106.874
[459060 552035 461770 642755] on METAL4 is 109.962
[459060 460505 461770 552035] on METAL4 is 109.962
[459060 550680 461770 553390] on VIA4 is 109.962
[460415 550680 551575 553390] on METAL5 is 113.27
[351250 550680 460415 553390] on METAL5 is 109.903
[346250 550680 351250 553390] on METAL5 is 90.082
[346250 550680 356250 553390] on VIA4 is 90.082
[346250 550680 356250 553390] on VIA3 is 90.064
[346250 550680 356250 553390] on VIA2 is 90.063
[346250 460505 356250 552035] on METAL2 is 92.781
[346250 351250 356250 460505] on METAL2 is 92.781
[346250 459150 356250 461860] on VIA2 is 92.781
[346250 459150 356250 461860] on VIA3 is 92.782
[346250 459150 356250 461860] on VIA4 is 92.797
[351250 459150 460415 461860] on METAL5 is 108.403
[346250 459150 351250 461860] on METAL5 is 92.797
[460415 459150 551575 461860] on METAL5 is 108.403
[459060 459150 461770 461860] on VIA4 is 108.466
[459060 351250 461770 460505] on METAL4 is 108.466
[459060 346250 461770 351250] on METAL4 is 90.807
[459060 346250 461770 356250] on VIA3 is 90.807
[460415 346250 551575 356250] on METAL3 is 90.806
[351250 346250 460415 356250] on METAL3 is 91.793
[346250 346250 351250 356250] on METAL3 is 91.793
[346250 346250 356250 356250] on VIA2 is 91.793
[346250 346250 356250 351250] on METAL2 is 91.793
[551575 346250 642725 356250] on METAL3 is 85.989
[550220 346250 552930 356250] on VIA3 is 85.99
[550220 346250 552930 351250] on METAL4 is 85.99
[550220 351250 552930 460505] on METAL4 is 107.36
[550220 460505 552930 552035] on METAL4 is 113.291
[550220 459150 552930 461860] on VIA4 is 107.36
[551575 459150 642725 461860] on METAL5 is 107.342
[642725 459150 733885 461860] on METAL5 is 102.138
[641370 459150 644080 461860] on VIA4 is 102.16
[641370 351250 644080 460505] on METAL4 is 102.16
[641370 460505 644080 552035] on METAL4 is 111.971
[641370 552035 644080 642755] on METAL4 is 115.933
[641370 550680 644080 553390] on VIA4 is 111.971
[642725 550680 733885 553390] on METAL5 is 111.951
[551575 550680 642725 553390] on METAL5 is 113.27
[550220 550680 552930 553390] on VIA4 is 113.291
[550220 552035 552930 642755] on METAL4 is 114.221
[550220 642755 552930 733475] on METAL4 is 114.221
[550220 641400 552930 644110] on VIA4 is 114.221
[551575 641400 642725 644110] on METAL5 is 115.913
[641370 641400 644080 644110] on VIA4 is 115.933
[550220 732120 552930 734830] on VIA4 is 109.315
[732530 550680 735240 553390] on VIA4 is 106.244
[732530 460505 735240 552035] on METAL4 is 106.244
[732530 351250 735240 460505] on METAL4 is 92.004
[732530 459150 735240 461860] on VIA4 is 92.004
[733885 459150 825035 461860] on METAL5 is 91.991
[823680 459150 826390 461860] on VIA4 is 78.835
[823680 351250 826390 460505] on METAL4 is 78.835
[823680 346250 826390 351250] on METAL4 is 38.327
[823680 346250 826390 356250] on VIA3 is 38.327
[825035 346250 916195 356250] on METAL3 is 38.326
[733885 346250 825035 356250] on METAL3 is 60.854
[642725 346250 733885 356250] on METAL3 is 76.341
[732530 346250 735240 356250] on VIA3 is 60.855
[732530 346250 735240 351250] on METAL4 is 60.855
[641370 346250 644080 356250] on VIA3 is 76.342
[641370 346250 644080 351250] on METAL4 is 76.342
[916195 346250 926521 356250] on METAL3 is 6.636
[914840 346250 917550 356250] on VIA3 is 6.638
[914840 346250 917550 351250] on METAL4 is 6.638
[921671 346250 931371 356250] on VIA3 is 1.591
[921671 346250 931371 356250] on VIA4 is 1.588
[921671 346250 931371 356250] on VIA5 is 1.525
[921671 345155 931371 351250] on METAL6 is 1.496
[921671 351250 931371 356250] on METAL6 is 1.496
[921671 344745 931371 345155] on METAL6 is 94.297e-3
[921671 344745 931371 345565] on VIA5 is 94.297e-3
[921671 344745 931371 345565] on VIA4 is 94.297e-3
[921671 344745 931371 345565] on VIA3 is 94.297e-3
[926521 344745 931371 345565] on METAL3 is 94.297e-3
[921671 344745 926521 345565] on METAL3 is 94.297e-3
[921671 344745 931371 345565] on VIA2 is 94.297e-3
[926521 344745 931371 345565] on METAL2 is 94.297e-3
[921671 344745 926521 345565] on METAL2 is 94.297e-3
[1034607 230340 1035607 233340] on METAL2 is 186.271e-3
[1034607 227340 1035607 230340] on METAL2 is 186.271e-3
[1035107 227340 1035605 233340] on METAL2 is 186.271e-3
[1035605 227340 1065615 233340] on METAL2 is 186.271e-3
[1065615 227340 1066115 233340] on METAL2 is 186.271e-3
[1065615 227340 1066615 230340] on METAL2 is 186.271e-3
[1065615 230340 1066615 233340] on METAL2 is 186.271e-3
